<?xml version="1.0" encoding="UTF-8"?>
<!-- Generated by org.testng.reporters.JUnitReportReporter -->
<testsuite skipped="0" hostname="Automata" name="rediff.pack.RediffTestRunner" tests="1" failures="0" timestamp="2021-06-19T19:22:37 EDT" time="8.551" errors="0">
  <testcase name="rediffMailAlertTest" time="8.551" classname="rediff.pack.RediffTestRunner"/>
  <system-out/>
</testsuite> <!-- rediff.pack.RediffTestRunner -->
