<?xml version="1.0" encoding="UTF-8"?>
<!-- Generated by org.testng.reporters.JUnitReportReporter -->
<testsuite skipped="0" hostname="Automata" name="ups.pack.UPSTestRunner" tests="2" failures="0" timestamp="2021-06-19T19:22:37 EDT" time="26.008" errors="0">
  <testcase name="myDemoTest2" time="4.635" classname="ups.pack.UPSTestRunner"/>
  <system-out/>
  <testcase name="signUpLinkTest" time="21.373" classname="ups.pack.UPSTestRunner"/>
  <system-out/>
</testsuite> <!-- ups.pack.UPSTestRunner -->
